<?xml version="1.0" encoding="UTF-8"?>
<testng-results skipped="0" failed="0" total="1" passed="1">
  <reporter-output>
  </reporter-output>
  <suite name="Suite" duration-ms="10322" started-at="2017-05-02T09:10:27Z" finished-at="2017-05-02T09:10:37Z">
    <groups>
    </groups>
    <test name="ClickTest" duration-ms="10322" started-at="2017-05-02T09:10:27Z" finished-at="2017-05-02T09:10:37Z">
      <class name="yy.ClickTest">
        <test-method status="PASS" signature="setUp()[pri:0, instance:yy.ClickTest@152b4053]" name="setUp" is-config="true" duration-ms="9517" started-at="2017-05-02T17:10:27Z" description="鍒濆鍖朅ndroidDriver" finished-at="2017-05-02T17:10:37Z">
          <reporter-output>
          </reporter-output>
        </test-method> <!-- setUp -->
        <test-method status="PASS" signature="clickTest()[pri:0, instance:yy.ClickTest@152b4053]" name="clickTest" duration-ms="0" started-at="2017-05-02T17:10:37Z" finished-at="2017-05-02T17:10:37Z">
          <reporter-output>
          </reporter-output>
        </test-method> <!-- clickTest -->
        <test-method status="PASS" signature="teardown()[pri:0, instance:yy.ClickTest@152b4053]" name="teardown" is-config="true" duration-ms="798" started-at="2017-05-02T17:10:37Z" finished-at="2017-05-02T17:10:37Z">
          <reporter-output>
          </reporter-output>
        </test-method> <!-- teardown -->
      </class> <!-- yy.ClickTest -->
    </test> <!-- ClickTest -->
  </suite> <!-- Suite -->
</testng-results>
